<?xml version="1.0" encoding="UTF-8"?>
<!-- Generated by org.testng.reporters.JUnitReportReporter -->
<testsuite skipped="0" hostname="DESKTOP-3SUJPVT" name="com.freecrm.FreeCRMTest" tests="1" failures="0" timestamp="09 Oct 2018 18:01:31 GMT" time="23.107" errors="0">
  <testcase name="pass" time="23.107" classname="com.freecrm.FreeCRMTest"/>
</testsuite> <!-- com.freecrm.FreeCRMTest -->
